[debug] [2023-03-04T08:39:54.666Z] ----------------------------------------------------------------------
[debug] [2023-03-04T08:39:54.667Z] Command:       C:\Program Files\nodejs\node.exe C:\Users\KIIT\AppData\Roaming\npm\node_modules\firebase-tools\lib\bin\firebase.js init
[debug] [2023-03-04T08:39:54.668Z] CLI Version:   11.24.0
[debug] [2023-03-04T08:39:54.668Z] Platform:      win32
[debug] [2023-03-04T08:39:54.669Z] Node Version:  v18.14.2
[debug] [2023-03-04T08:39:54.670Z] Time:          Sat Mar 04 2023 14:09:54 GMT+0530 (India Standard Time)
[debug] [2023-03-04T08:39:54.670Z] ----------------------------------------------------------------------
[debug] 
[debug] [2023-03-04T08:39:54.681Z] > command requires scopes: ["email","openid","https://www.googleapis.com/auth/cloudplatformprojects.readonly","https://www.googleapis.com/auth/firebase","https://www.googleapis.com/auth/cloud-platform"]
[debug] [2023-03-04T08:39:54.682Z] > authorizing via signed-in user (abtsegatesfaye2@gmail.com)
[info] 
     ######## #### ########  ######## ########     ###     ######  ########
     ##        ##  ##     ## ##       ##     ##  ##   ##  ##       ##
     ######    ##  ########  ######   ########  #########  ######  ######
     ##        ##  ##    ##  ##       ##     ## ##     ##       ## ##
     ##       #### ##     ## ######## ########  ##     ##  ######  ########

You're about to initialize a Firebase project in this directory:

  C:\Users\KIIT\FABfashion

[info] 
=== Project Setup
[info] 
[info] First, let's associate this project directory with a Firebase project.
[info] You can create multiple project aliases by running firebase use --add, 
[info] but for now we'll just set up a default project.
[info] 
[debug] [2023-03-04T08:41:31.029Z] >>> [apiv2][query] GET https://firebase.googleapis.com/v1beta1/projects pageSize=100
[debug] [2023-03-04T08:41:32.355Z] <<< [apiv2][status] GET https://firebase.googleapis.com/v1beta1/projects 200
[debug] [2023-03-04T08:41:32.355Z] <<< [apiv2][body] GET https://firebase.googleapis.com/v1beta1/projects [omitted]
[info] i  Using project faboptics-a8f40 (FabOptics) 
[info] 
=== Hosting Setup
[info] 
[info] Your public directory is the folder (relative to your project directory) that
[info] will contain Hosting assets to be uploaded with firebase deploy. If you
[info] have a build process for your assets, use your build's output directory.
[info] 
[info] +  Wrote y/404.html 
[debug] [2023-03-04T08:44:39.485Z] >>> [apiv2][query] GET https://www.gstatic.com/firebasejs/releases.json [none]
[debug] [2023-03-04T08:44:39.694Z] <<< [apiv2][status] GET https://www.gstatic.com/firebasejs/releases.json 200
[debug] [2023-03-04T08:44:39.694Z] <<< [apiv2][body] GET https://www.gstatic.com/firebasejs/releases.json {"current":{"version":"9.17.2","browserURL":"https://www.gstatic.com/firebasejs/9.17.2/firebase.js","packageURL":"https://www.gstatic.com/firebasejs/9.17.2/firebase.tgz"},"live":{"version":"9.17","browserURL":"https://www.gstatic.com/firebasejs/live/9.17/firebase.js","packageURL":"https://www.gstatic.com/firebasejs/live/9.17/firebase.tgz"},"components":{"analytics":"https://www.gstatic.com/firebasejs/9.17.2/firebase-analytics.js","app":"https://www.gstatic.com/firebasejs/9.17.2/firebase-app.js","app-check":"https://www.gstatic.com/firebasejs/9.17.2/firebase-app-check.js","auth":"https://www.gstatic.com/firebasejs/9.17.2/firebase-auth.js","auth/cordova":"https://www.gstatic.com/firebasejs/9.17.2/firebase-auth/cordova.js","auth/react-native":"https://www.gstatic.com/firebasejs/9.17.2/firebase-auth/react-native.js","functions":"https://www.gstatic.com/firebasejs/9.17.2/firebase-functions.js","firestore":"https://www.gstatic.com/firebasejs/9.17.2/firebase-firestore.js","firestore/lite":"https://www.gstatic.com/firebasejs/9.17.2/firebase-firestore/lite.js","installations":"https://www.gstatic.com/firebasejs/9.17.2/firebase-installations.js","storage":"https://www.gstatic.com/firebasejs/9.17.2/firebase-storage.js","performance":"https://www.gstatic.com/firebasejs/9.17.2/firebase-performance.js","remote-config":"https://www.gstatic.com/firebasejs/9.17.2/firebase-remote-config.js","messaging":"https://www.gstatic.com/firebasejs/9.17.2/firebase-messaging.js","messaging/sw":"https://www.gstatic.com/firebasejs/9.17.2/firebase-messaging/sw.js","database":"https://www.gstatic.com/firebasejs/9.17.2/firebase-database.js","firestore.memory":"https://www.gstatic.com/firebasejs/9.17.2/firebase-firestore.memory.js"}}
[info] +  Wrote y/index.html 
[info] 
[info] i  Detected a .git folder at C:\Users\KIIT\FABfashion 
[info] i  Authorizing with GitHub to upload your service account to a GitHub repository's secrets store. 
[info] 
[info] Visit this URL on this device to log in:
[info] https://github.com/login/oauth/authorize?client_id=89cf50f02ac6aaed3484&state=293126282&redirect_uri=http%3A%2F%2Flocalhost%3A9005&scope=read%3Auser%20repo%20public_repo
[info] 
[info] Waiting for authentication...
[debug] [2023-03-04T08:45:05.270Z] >>> [apiv2][query] POST https://github.com/login/oauth/access_token [none]
[debug] [2023-03-04T08:45:05.270Z] >>> [apiv2][body] POST https://github.com/login/oauth/access_token [stream]
[debug] [2023-03-04T08:45:06.188Z] <<< [apiv2][status] POST https://github.com/login/oauth/access_token 200
[debug] [2023-03-04T08:45:06.188Z] <<< [apiv2][body] POST https://github.com/login/oauth/access_token {"access_token":"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","token_type":"bearer","scope":"read:user,repo"}
[debug] [2023-03-04T08:45:06.197Z] >>> [apiv2][query] GET https://api.github.com/user [none]
[debug] [2023-03-04T08:45:07.697Z] <<< [apiv2][status] GET https://api.github.com/user 200
[debug] [2023-03-04T08:45:07.697Z] <<< [apiv2][body] GET https://api.github.com/user {"login":"Abtsega123","id":88312545,"node_id":"MDQ6VXNlcjg4MzEyNTQ1","avatar_url":"https://avatars.githubusercontent.com/u/88312545?v=4","gravatar_id":"","url":"https://api.github.com/users/Abtsega123","html_url":"https://github.com/Abtsega123","followers_url":"https://api.github.com/users/Abtsega123/followers","following_url":"https://api.github.com/users/Abtsega123/following{/other_user}","gists_url":"https://api.github.com/users/Abtsega123/gists{/gist_id}","starred_url":"https://api.github.com/users/Abtsega123/starred{/owner}{/repo}","subscriptions_url":"https://api.github.com/users/Abtsega123/subscriptions","organizations_url":"https://api.github.com/users/Abtsega123/orgs","repos_url":"https://api.github.com/users/Abtsega123/repos","events_url":"https://api.github.com/users/Abtsega123/events{/privacy}","received_events_url":"https://api.github.com/users/Abtsega123/received_events","type":"User","site_admin":false,"name":"Abtsega Tesfaye","company":"Kalinga Institute of Industrial Technology","blog":"","location":"India","email":null,"hireable":null,"bio":"\"Simplicity is the soul of efficiency\"","twitter_username":"AbtsegaTesfaye2","public_repos":28,"public_gists":0,"followers":1,"following":3,"created_at":"2021-08-02T07:58:43Z","updated_at":"2023-02-16T09:18:56Z","private_gists":0,"total_private_repos":0,"owned_private_repos":0,"disk_usage":2666,"collaborators":0,"two_factor_authentication":false,"plan":{"name":"free","space":976562499,"collaborators":0,"private_repos":10000}}
[info] 
[info] +  Success! Logged into GitHub as Abtsega123 
[info] 
